<?xml version="1.0" encoding="UTF-8"?>
<Site BuildName="Win32-ninja"
	BuildStamp="20231008-0000-Experimental"
	Name="LAPTOP-GVOMGCVQ"
	Generator="ctest-3.27.6"
	CompilerName="C:/msys64/mingw64/bin/g++.exe"
	CompilerVersion="12.2.0"
	OSName="Windows"
	Hostname="LAPTOP-GVOMGCVQ"
	OSRelease=" Personal"
	OSVersion=" (Build 22621)"
	OSPlatform="AMD64"
	Is64Bits="1"
	VendorString="GenuineIntel"
	VendorID="Intel Corporation"
	FamilyID="6"
	ModelID="14"
	ProcessorCacheSize="-1"
	NumberOfLogicalCPU="8"
	NumberOfPhysicalCPU="4"
	TotalVirtualMemory="21341"
	TotalPhysicalMemory="12125"
	LogicalProcessorsPerPhysical="2"
	ProcessorClockFrequency="2400"
	>
	<Testing>
		<StartDateTime>Oct 08 14:09 Hora est. Pac[NON-UTF-8-BYTE-0xED]fico, Sudam[NON-UTF-8-BYTE-0xE9]rica</StartDateTime>
		<StartTestTime>1696792197</StartTestTime>
		<TestList/>
		<EndDateTime>Oct 08 14:09 Hora est. Pac[NON-UTF-8-BYTE-0xED]fico, Sudam[NON-UTF-8-BYTE-0xE9]rica</EndDateTime>
		<EndTestTime>1696792197</EndTestTime>
		<ElapsedMinutes>0</ElapsedMinutes>
	</Testing>
</Site>
